#
# There is insufficient memory for the Java Runtime Environment to continue.
# Native memory allocation (malloc) failed to allocate 524288 bytes for AllocateHeap
# Possible reasons:
#   The system is out of physical RAM or swap space
#   The process is running with CompressedOops enabled, and the Java Heap may be blocking the growth of the native heap
# Possible solutions:
#   Reduce memory load on the system
#   Increase physical memory or swap space
#   Check if swap backing store is full
#   Decrease Java heap size (-Xmx/-Xms)
#   Decrease number of Java threads
#   Decrease Java thread stack sizes (-Xss)
#   Set larger code cache with -XX:ReservedCodeCacheSize=
#   JVM is running with Zero Based Compressed Oops mode in which the Java heap is
#     placed in the first 32GB address space. The Java Heap base address is the
#     maximum limit for the native heap growth. Please use -XX:HeapBaseMinAddress
#     to set the Java Heap base and to place the Java Heap above 32GB virtual address.
# This output file may be truncated or incomplete.
#
#  Out of Memory Error (./src/hotspot/share/memory/allocation.cpp:46), pid=33416, tid=33460
#
# JRE version:  (11.0.11+9) (build )
# Java VM: OpenJDK 64-Bit Server VM (11.0.11+9-b1341.60, mixed mode, tiered, compressed oops, g1 gc, windows-amd64)
# No core dump will be written. Minidumps are not enabled by default on client versions of Windows
#

---------------  S U M M A R Y ------------

Command Line: org.jetbrains.git4idea.http.GitAskPassApp Username for 'https://github.com': 

Host: Intel(R) Core(TM) i7-6700HQ CPU @ 2.60GHz, 8 cores, 15G,  Windows 10 , 64 bit Build 19041 (10.0.19041.1151)
Time: Wed Aug 18 16:40:45 2021 Paris, Madrid (heure d’été) elapsed time: 0.081165 seconds (0d 0h 0m 0s)

---------------  T H R E A D  ---------------

Current thread (0x0000012c2fc74800):  JavaThread "Unknown thread" [_thread_in_vm, id=33460, stack(0x0000000ad4a00000,0x0000000ad4b00000)]

Stack: [0x0000000ad4a00000,0x0000000ad4b00000]
Native frames: (J=compiled Java code, j=interpreted, Vv=VM code, C=native code)
V  [jvm.dll+0x5f5c8a]
V  [jvm.dll+0x779405]
V  [jvm.dll+0x77aa1d]
V  [jvm.dll+0x77b0d3]
V  [jvm.dll+0x244bc8]
V  [jvm.dll+0xb4cc4]
V  [jvm.dll+0x6d3b3f]
V  [jvm.dll+0x6d3ad7]
V  [jvm.dll+0x6d3c5a]
V  [jvm.dll+0x757122]
V  [jvm.dll+0x759547]
V  [jvm.dll+0x35b8d9]
V  [jvm.dll+0x73b38e]
V  [jvm.dll+0x3c3cc3]
V  [jvm.dll+0x3c60e1]
C  [jli.dll+0x5373]
C  [ucrtbase.dll+0x21bb2]
C  [KERNEL32.DLL+0x17034]
C  [ntdll.dll+0x52651]


---------------  P R O C E S S  ---------------

Threads class SMR info:
_java_thread_list=0x0000012c2db11860, length=0, elements={
}

Java Threads: ( => current thread )

Other Threads:
  0x0000012c2fc88800 GCTaskThread "GC Thread#0" [stack: 0x0000000ad4c00000,0x0000000ad4d00000] [id=33468]
  0x0000012c2fce4000 ConcurrentGCThread "G1 Main Marker" [stack: 0x0000000ad4d00000,0x0000000ad4e00000] [id=33472]
  0x0000012c2fce6800 ConcurrentGCThread "G1 Conc#0" [stack: 0x0000000ad4e00000,0x0000000ad4f00000] [id=33476]
  0x0000012c4ede0000 ConcurrentGCThread "G1 Refine#0" [stack: 0x0000000ad4f00000,0x0000000ad5000000] [id=33480]
  0x0000012c4ede1000 ConcurrentGCThread "G1 Young RemSet Sampling" [stack: 0x0000000ad5000000,0x0000000ad5100000] [id=33484]

=>0x0000012c2fc74800 (exited) JavaThread "Unknown thread" [_thread_in_vm, id=33460, stack(0x0000000ad4a00000,0x0000000ad4b00000)]

Threads with active compile tasks:

VM state:not at safepoint (not fully initialized)

VM Mutex/Monitor currently owned by a thread: None

Heap address: 0x0000000700a00000, size: 4086 MB, Compressed Oops mode: Zero based, Oop shift amount: 3
Narrow klass base: 0x0000000800000000, Narrow klass shift: 0
Compressed class space size: 1073741824 Address: 0x0000000800000000

GC Heap History (0 events):
No events

Deoptimization events (0 events):
No events

Classes redefined (0 events):
No events

Internal exceptions (0 events):
No events

Events (1 events):
Event: 0.021 Loaded shared library C:\Program Files\JetBrains\IntelliJ IDEA Community Edition 2021.1.3\jbr\bin\zip.dll


Dynamic libraries:
0x00007ff708600000 - 0x00007ff70860a000 	C:\Program Files\JetBrains\IntelliJ IDEA Community Edition 2021.1.3\jbr\bin\java.exe
0x00007ffc3e650000 - 0x00007ffc3e845000 	C:\WINDOWS\SYSTEM32\ntdll.dll
0x00007ffc3ca10000 - 0x00007ffc3cacd000 	C:\WINDOWS\System32\KERNEL32.DLL
0x00007ffc3c060000 - 0x00007ffc3c329000 	C:\WINDOWS\System32\KERNELBASE.dll
0x00007ffc3c3d0000 - 0x00007ffc3c4d0000 	C:\WINDOWS\System32\ucrtbase.dll
0x00007ffc32270000 - 0x00007ffc32289000 	C:\Program Files\JetBrains\IntelliJ IDEA Community Edition 2021.1.3\jbr\bin\jli.dll
0x00007ffc3e350000 - 0x00007ffc3e4f0000 	C:\WINDOWS\System32\USER32.dll
0x00007ffc3bd80000 - 0x00007ffc3bda2000 	C:\WINDOWS\System32\win32u.dll
0x00007ffc3c9e0000 - 0x00007ffc3ca0a000 	C:\WINDOWS\System32\GDI32.dll
0x00007ffc3bf50000 - 0x00007ffc3c05b000 	C:\WINDOWS\System32\gdi32full.dll
0x00007ffc3c330000 - 0x00007ffc3c3cd000 	C:\WINDOWS\System32\msvcp_win.dll
0x00007ffc289c0000 - 0x00007ffc289d7000 	C:\Program Files\JetBrains\IntelliJ IDEA Community Edition 2021.1.3\jbr\bin\VCRUNTIME140.dll
0x00007ffc258f0000 - 0x00007ffc25b8a000 	C:\WINDOWS\WinSxS\amd64_microsoft.windows.common-controls_6595b64144ccf1df_6.0.19041.1110_none_60b5254171f9507e\COMCTL32.dll
0x00007ffc3e570000 - 0x00007ffc3e60e000 	C:\WINDOWS\System32\msvcrt.dll
0x00007ffc3cef0000 - 0x00007ffc3cf20000 	C:\WINDOWS\System32\IMM32.DLL
0x00007ffc0e9a0000 - 0x00007ffc0ea3d000 	C:\Program Files\JetBrains\IntelliJ IDEA Community Edition 2021.1.3\jbr\bin\msvcp140.dll
0x00007ffbf3120000 - 0x00007ffbf3c69000 	C:\Program Files\JetBrains\IntelliJ IDEA Community Edition 2021.1.3\jbr\bin\server\jvm.dll
0x00007ffc3db70000 - 0x00007ffc3dc1c000 	C:\WINDOWS\System32\ADVAPI32.dll
0x00007ffc3c890000 - 0x00007ffc3c92b000 	C:\WINDOWS\System32\sechost.dll
0x00007ffc3da30000 - 0x00007ffc3db5a000 	C:\WINDOWS\System32\RPCRT4.dll
0x00007ffc3db60000 - 0x00007ffc3db68000 	C:\WINDOWS\System32\PSAPI.DLL
0x00007ffc2cf40000 - 0x00007ffc2cf49000 	C:\WINDOWS\SYSTEM32\WSOCK32.dll
0x00007ffc3ddd0000 - 0x00007ffc3de3b000 	C:\WINDOWS\System32\WS2_32.dll
0x00007ffc32ae0000 - 0x00007ffc32b07000 	C:\WINDOWS\SYSTEM32\WINMM.dll
0x00007ffc36ca0000 - 0x00007ffc36caa000 	C:\WINDOWS\SYSTEM32\VERSION.dll
0x00007ffc3a660000 - 0x00007ffc3a672000 	C:\WINDOWS\SYSTEM32\kernel.appcore.dll
0x00007ffc36460000 - 0x00007ffc36471000 	C:\Program Files\JetBrains\IntelliJ IDEA Community Edition 2021.1.3\jbr\bin\verify.dll
0x00007ffc361d0000 - 0x00007ffc363b4000 	C:\WINDOWS\SYSTEM32\DBGHELP.DLL
0x00007ffc35ff0000 - 0x00007ffc3601c000 	C:\WINDOWS\SYSTEM32\dbgcore.DLL
0x00007ffc3bec0000 - 0x00007ffc3bf43000 	C:\WINDOWS\System32\bcryptPrimitives.dll
0x00007ffc2d030000 - 0x00007ffc2d059000 	C:\Program Files\JetBrains\IntelliJ IDEA Community Edition 2021.1.3\jbr\bin\java.dll
0x00007ffc37150000 - 0x00007ffc3715b000 	C:\Program Files\JetBrains\IntelliJ IDEA Community Edition 2021.1.3\jbr\bin\jimage.dll
0x00007ffc2cf20000 - 0x00007ffc2cf38000 	C:\Program Files\JetBrains\IntelliJ IDEA Community Edition 2021.1.3\jbr\bin\zip.dll

dbghelp: loaded successfully - version: 4.0.5 - missing functions: none
symbol engine: initialized successfully - sym options: 0x614 - pdb path: .;C:\Program Files\JetBrains\IntelliJ IDEA Community Edition 2021.1.3\jbr\bin;C:\WINDOWS\SYSTEM32;C:\WINDOWS\WinSxS\amd64_microsoft.windows.common-controls_6595b64144ccf1df_6.0.19041.1110_none_60b5254171f9507e;C:\Program Files\JetBrains\IntelliJ IDEA Community Edition 2021.1.3\jbr\bin\server

VM Arguments:
java_command: org.jetbrains.git4idea.http.GitAskPassApp Username for 'https://github.com': 
java_class_path (initial): C:/Program Files/JetBrains/IntelliJ IDEA Community Edition 2021.1.3/plugins/git4idea/lib/git4idea-rt.jar;C:/Program Files/JetBrains/IntelliJ IDEA Community Edition 2021.1.3/lib/xmlrpc-2.0.1.jar;C:/Program Files/JetBrains/IntelliJ IDEA Community Edition 2021.1.3/lib/commons-codec-1.15.jar
Launcher Type: SUN_STANDARD

[Global flags]
     intx CICompilerCount                          = 4                                         {product} {ergonomic}
     uint ConcGCThreads                            = 2                                         {product} {ergonomic}
     uint G1ConcRefinementThreads                  = 8                                         {product} {ergonomic}
   size_t G1HeapRegionSize                         = 1048576                                   {product} {ergonomic}
    uintx GCDrainStackTargetSize                   = 64                                        {product} {ergonomic}
   size_t InitialHeapSize                          = 268435456                                 {product} {ergonomic}
   size_t MarkStackSize                            = 4194304                                   {product} {ergonomic}
   size_t MaxHeapSize                              = 4284481536                                {product} {ergonomic}
   size_t MaxNewSize                               = 2570059776                                {product} {ergonomic}
   size_t MinHeapDeltaBytes                        = 1048576                                   {product} {ergonomic}
    uintx NonNMethodCodeHeapSize                   = 5836300                                {pd product} {ergonomic}
    uintx NonProfiledCodeHeapSize                  = 122910970                              {pd product} {ergonomic}
    uintx ProfiledCodeHeapSize                     = 122910970                              {pd product} {ergonomic}
    uintx ReservedCodeCacheSize                    = 251658240                              {pd product} {ergonomic}
     bool SegmentedCodeCache                       = true                                      {product} {ergonomic}
     bool UseCompressedClassPointers               = true                                 {lp64_product} {ergonomic}
     bool UseCompressedOops                        = true                                 {lp64_product} {ergonomic}
     bool UseG1GC                                  = true                                      {product} {ergonomic}
     bool UseLargePagesIndividualAllocation        = false                                  {pd product} {ergonomic}

Logging:
Log output configuration:
 #0: stdout all=warning uptime,level,tags
 #1: stderr all=off uptime,level,tags

Environment Variables:
JAVA_HOME=C:\Program Files\Java\jdk-15\bin\
PATH=C:\Program Files\Git\mingw64\libexec\git-core;C:\Program Files\Git\mingw64\libexec\git-core;C:\Program Files\Git\mingw64\bin;C:\Program Files\Git\usr\bin;C:\Users\ely-b\bin;C:\Python39\Scripts;C:\Python39;C:\Program Files\Java\jdk-15\bin;C:\Program Files (x86)\Common Files\Oracle\Java\javapath;C:\Python38\Scripts;C:\Python38;C:\Program Files (x86)\Razer\ChromaBroadcast\bin;C:\Program Files\Razer\ChromaBroadcast\bin;C:\Program Files (x86)\Razer Chroma SDK\bin;C:\Program Files\Razer Chroma SDK\bin;C:\windows\system32;C:\windows;C:\windows\system32\wbem;C:\windows\system32\windowspowershell\v1.0;C:\Program Files (x86)\NVIDIA Corporation\PhysX\Common;C:\WINDOWS\system32;C:\WINDOWS;C:\WINDOWS\System32\Wbem;C:\WINDOWS\System32\WindowsPowerShell\v1.0;C:\WINDOWS\System32\OpenSSH;C:\Program Files\NVIDIA Corporation\NVIDIA NvDLISR;C:\Users\ely-b\AppData\Local\Microsoft\WindowsApps;C:\adb;C:\WINDOWS\system32;C:\WINDOWS;C:\WINDOWS\System32\Wbem;C:\WINDOWS\System32\WindowsPowerShell\v1.0;C:\WINDOWS\System32\OpenSSH;C:\WINDOWS\system32\config\systemprofile\AppData\Local\Microsoft\WindowsApps;C:\ProgramData\chocolatey\bin;C:\Program Files (x86)\Intel\Intel(R) Management Engine Components\DAL;C:\Program Files\Intel\Intel(R) Management Engine Components\DAL;C:\Program Files (x86)\nodejs;C:\Program Files\Microsoft SQL Server\130\Tools\Binn;C:\Program Files\Git\cmd;C:\Program Files\Java\jdk-15\bin;C:\Program Files\Ruby27-x64\bin;C:\Users\ely-b\AppData\Local\Microsoft\WindowsApps;C:\Users\ely-b\AppData\Local\Programs\Microsoft VS Code\bin;C:\Program Files\JetBrains\IntelliJ IDEA Community Edition 2020.3.2\bin;C:\Users\ely-b\AppData\Roaming\npm;C:\Program Files\JetBrains\IntelliJ IDEA 2019.1.2\bin
USERNAME=ufhopla
DISPLAY=:0.0
LC_ALL=en_US.UTF-8
OS=Windows_NT
PROCESSOR_IDENTIFIER=Intel64 Family 6 Model 94 Stepping 3, GenuineIntel



---------------  S Y S T E M  ---------------

OS: Windows 10 , 64 bit Build 19041 (10.0.19041.1151)
OS uptime: 7 days 10:11 hours

CPU:total 8 (initial active 8) (4 cores per cpu, 2 threads per core) family 6 model 94 stepping 3 microcode 0xd6, cmov, cx8, fxsr, mmx, sse, sse2, sse3, ssse3, sse4.1, sse4.2, popcnt, avx, avx2, aes, clmul, erms, rtm, 3dnowpref, lzcnt, ht, tsc, tscinvbit, bmi1, bmi2, adx, fma

Memory: 4k page, system-wide physical 16339M (331M free)
TotalPageFile size 31459M (AvailPageFile size 0M)
current process WorkingSet (physical memory assigned to process): 21M, peak: 21M
current process commit charge ("private bytes"): 328M, peak: 329M

vm_info: OpenJDK 64-Bit Server VM (11.0.11+9-b1341.60) for windows-amd64 JRE (11.0.11+9-b1341.60), built on Jun  4 2021 08:17:54 by "" with MS VC++ 14.0 (VS2015)

END.
